<?xml version="1.0" encoding="UTF-8"?>
<!-- Generated by org.testng.reporters.JUnitXMLReporter -->
<testsuite ignored="4" hostname="DESKTOP-DED1LDD" failures="6" tests="72" name="Test" time="433.232" errors="0" timestamp="2020-06-10T13:27:59 IST">
  <testcase classname="com.a2j.tests.LoginTest" name="loginbutton" time="14.293"/>
  <testcase classname="com.a2j.tests.LoginTest" name="verifyloginpasswordTextBox1" time="0.909"/>
  <testcase classname="com.a2j.tests.LoginTest" name="verifyloginuserTextBox" time="0.039"/>
  <testcase classname="com.a2j.tests.LoginTest" name="loginTest" time="6.166"/>
  <testcase classname="com.a2j.tests.LoginTest" name="loginTest" time="3.703"/>
  <testcase classname="com.a2j.tests.LoginTest" name="loginTest" time="2.229"/>
  <testcase classname="com.a2j.tests.LoginTest" name="loginTest" time="2.475"/>
  <testcase classname="com.a2j.tests.LoginTest" name="loginTest" time="2.647"/>
  <testcase classname="com.a2j.tests.Dashboard_ProfileTest" name="loginbutton" time="16.878"/>
  <testcase classname="com.a2j.tests.Dashboard_ProfileTest" name="verifyloginpasswordTextBox1" time="4.037"/>
  <testcase classname="com.a2j.tests.Dashboard_ProfileTest" name="verifyloginuserTextBox" time="5.03"/>
  <testcase classname="com.a2j.tests.Dashboard_ProfileTest" name="loginTest" time="0.764"/>
  <testcase classname="com.a2j.tests.Dashboard_ProfileTest" name="myprofile" time="2.14"/>
  <testcase classname="com.a2j.tests.Dashboard_ProfileTest" name="edit_btn" time="2.147"/>
  <testcase classname="com.a2j.tests.Dashboard_ProfileTest" name="teardown" time="0.889"/>
  <testcase classname="com.a2j.tests.RegisterTest" name="regbtn" time="7.022"/>
  <testcase classname="com.a2j.tests.RegisterTest" name="role" time="2.539"/>
  <testcase classname="com.a2j.tests.RegisterTest" name="pannumber" time="0.893"/>
  <testcase classname="com.a2j.tests.RegisterTest" name="panemail" time="0.241"/>
  <testcase classname="com.a2j.tests.RegisterTest" name="password" time="0.308"/>
  <testcase classname="com.a2j.tests.RegisterTest" name="confirmpass" time="0.193"/>
  <testcase classname="com.a2j.tests.RegisterTest" name="register" time="0.124"/>
  <testcase classname="com.a2j.tests.EditProfileTest" name="loginbutton" time="5.961"/>
  <testcase classname="com.a2j.tests.EditProfileTest" name="verifyloginpasswordTextBox1" time="3.358"/>
  <testcase classname="com.a2j.tests.EditProfileTest" name="verifyloginuserTextBox" time="5.041"/>
  <testcase classname="com.a2j.tests.EditProfileTest" name="loginTest" time="4.466"/>
  <testcase classname="com.a2j.tests.EditProfileTest" name="myprofile" time="2.117"/>
  <testcase classname="com.a2j.tests.EditProfileTest" name="edit_btn" time="2.201"/>
  <testcase classname="com.a2j.tests.EditProfileTest" name="fcname" time="2.234"/>
  <testcase classname="com.a2j.tests.EditProfileTest" name="editTest" time="2.194">
    <failure type="java.lang.NullPointerException">
      <![CDATA[java.lang.NullPointerException
at com.a2j.tests.EditProfileTest.editTest(EditProfileTest.java:138)
at java.base/java.util.ArrayList.forEach(ArrayList.java:1540)
... Removed 27 stack frames]]>
    </failure>
  </testcase> <!-- editTest -->
  <testcase classname="com.a2j.tests.EditProfileTest" name="fccompany" time="2.237"/>
  <testcase classname="com.a2j.tests.EditProfileTest" name="fcid" time="2.199"/>
  <testcase classname="com.a2j.tests.EditProfileTest" name="fcemail" time="2.051">
    <failure type="org.openqa.selenium.NoSuchElementException" message="Cannot locate element with text: test
For documentation on this error, please visit: http://seleniumhq.org/exceptions/no_such_element.html
Build info: version: &amp;apos;3.14.0&amp;apos;, revision: &amp;apos;aacccce0&amp;apos;, time: &amp;apos;2018-08-02T20:19:58.91Z&amp;apos;
System info: host: &amp;apos;DESKTOP-DED1LDD&amp;apos;, ip: &amp;apos;192.168.43.31&amp;apos;, os.name: &amp;apos;Windows 10&amp;apos;, os.arch: &amp;apos;amd64&amp;apos;, os.version: &amp;apos;10.0&amp;apos;, java.version: &amp;apos;11.0.2&amp;apos;
Driver info: driver.version: unknown">
      <![CDATA[org.openqa.selenium.NoSuchElementException: Cannot locate element with text: test
For documentation on this error, please visit: http://seleniumhq.org/exceptions/no_such_element.html
Build info: version: '3.14.0', revision: 'aacccce0', time: '2018-08-02T20:19:58.91Z'
System info: host: 'DESKTOP-DED1LDD', ip: '192.168.43.31', os.name: 'Windows 10', os.arch: 'amd64', os.version: '10.0', java.version: '11.0.2'
Driver info: driver.version: unknown
at org.openqa.selenium.support.ui.Select.selectByVisibleText(Select.java:151)
at com.a2j.pages.Dashboard_ProfilePage.fcnatureofbusiness(Dashboard_ProfilePage.java:128)
at com.a2j.tests.EditProfileTest.fcemail(EditProfileTest.java:164)
at java.base/java.util.ArrayList.forEach(ArrayList.java:1540)
... Removed 27 stack frames]]>
    </failure>
  </testcase> <!-- fcemail -->
  <testcase classname="com.a2j.tests.EditProfileTest" name="fcnatureofbusiness" time="2.104"/>
  <testcase classname="com.a2j.tests.EditProfileTest" name="fcstate" time="2.022"/>
  <testcase classname="com.a2j.tests.EditProfileTest" name="fcaddress" time="2.344"/>
  <testcase classname="com.a2j.tests.EditProfileTest" name="fcwebsite" time="2.216"/>
  <testcase classname="com.a2j.tests.EditProfileTest" name="saveeditdetails" time="0.427"/>
  <testcase classname="com.a2j.tests.EditProfileTest" name="teardown" time="6.795"/>
  <testcase classname="com.a2j.tests.EditProfileTest" name="verifyEditedData" time="0.002">
    <failure type="org.openqa.selenium.NoSuchSessionException" message="Session ID is null. Using WebDriver after calling quit()?
Build info: version: &amp;apos;3.14.0&amp;apos;, revision: &amp;apos;aacccce0&amp;apos;, time: &amp;apos;2018-08-02T20:19:58.91Z&amp;apos;
System info: host: &amp;apos;DESKTOP-DED1LDD&amp;apos;, ip: &amp;apos;192.168.43.31&amp;apos;, os.name: &amp;apos;Windows 10&amp;apos;, os.arch: &amp;apos;amd64&amp;apos;, os.version: &amp;apos;10.0&amp;apos;, java.version: &amp;apos;11.0.2&amp;apos;
Driver info: driver.version: RemoteWebDriver">
      <![CDATA[org.openqa.selenium.NoSuchSessionException: Session ID is null. Using WebDriver after calling quit()?
Build info: version: '3.14.0', revision: 'aacccce0', time: '2018-08-02T20:19:58.91Z'
System info: host: 'DESKTOP-DED1LDD', ip: '192.168.43.31', os.name: 'Windows 10', os.arch: 'amd64', os.version: '10.0', java.version: '11.0.2'
Driver info: driver.version: RemoteWebDriver
at org.openqa.selenium.remote.HttpCommandExecutor.execute(HttpCommandExecutor.java:125)
at org.openqa.selenium.remote.service.DriverCommandExecutor.execute(DriverCommandExecutor.java:83)
at org.openqa.selenium.remote.RemoteWebDriver.execute(RemoteWebDriver.java:548)
at org.openqa.selenium.remote.RemoteWebDriver.findElements(RemoteWebDriver.java:349)
at org.openqa.selenium.remote.RemoteWebDriver.findElementsByCssSelector(RemoteWebDriver.java:420)
at org.openqa.selenium.By$ByCssSelector.findElements(By.java:441)
at org.openqa.selenium.remote.RemoteWebDriver.findElements(RemoteWebDriver.java:310)
at com.a2j.pages.Dashboard_ProfilePage.getFormDataValues(Dashboard_ProfilePage.java:77)
at com.a2j.tests.EditProfileTest.verifyEditedData(EditProfileTest.java:192)
at java.base/java.util.ArrayList.forEach(ArrayList.java:1540)
... Removed 27 stack frames]]>
    </failure>
  </testcase> <!-- verifyEditedData -->
  <testcase classname="com.a2j.tests.RequestIrpTest" name="loginbutton" time="34.188"/>
  <testcase classname="com.a2j.tests.RequestIrpTest" name="verifyloginpasswordTextBox1" time="3.693"/>
  <testcase classname="com.a2j.tests.RequestIrpTest" name="verifyloginuserTextBox" time="5.032"/>
  <testcase classname="com.a2j.tests.RequestIrpTest" name="loginTest" time="0.52"/>
  <testcase classname="com.a2j.tests.RequestIrpTest" name="irp" time="2.167">
    <failure type="org.openqa.selenium.NoSuchElementException" message="no such element: Unable to locate element: {&amp;quot;method&amp;quot;:&amp;quot;xpath&amp;quot;,&amp;quot;selector&amp;quot;:&amp;quot;//span[contains(text(),&amp;apos;Request IRP&amp;apos;)]&amp;quot;}
  (Session info: chrome=83.0.4103.97)
For documentation on this error, please visit: http://seleniumhq.org/exceptions/no_such_element.html
Build info: version: &amp;apos;3.14.0&amp;apos;, revision: &amp;apos;aacccce0&amp;apos;, time: &amp;apos;2018-08-02T20:19:58.91Z&amp;apos;
System info: host: &amp;apos;DESKTOP-DED1LDD&amp;apos;, ip: &amp;apos;192.168.43.31&amp;apos;, os.name: &amp;apos;Windows 10&amp;apos;, os.arch: &amp;apos;amd64&amp;apos;, os.version: &amp;apos;10.0&amp;apos;, java.version: &amp;apos;11.0.2&amp;apos;
Driver info: org.openqa.selenium.chrome.ChromeDriver
Capabilities {acceptInsecureCerts: false, browserName: chrome, browserVersion: 83.0.4103.97, chrome: {chromedriverVersion: 83.0.4103.39 (ccbf011cb2d2b..., userDataDir: C:\Users\thirthesh\AppData\...}, goog:chromeOptions: {debuggerAddress: localhost:57690}, javascriptEnabled: true, networkConnectionEnabled: false, pageLoadStrategy: none, platform: WINDOWS, platformName: WINDOWS, proxy: Proxy(), setWindowRect: true, strictFileInteractability: false, timeouts: {implicit: 0, pageLoad: 300000, script: 30000}, unhandledPromptBehavior: dismiss and notify, webauthn:virtualAuthenticators: true}
Session ID: 41d5182a0f407ae498c87976e06c26a2
*** Element info: {Using=xpath, value=//span[contains(text(),&amp;apos;Request IRP&amp;apos;)]}">
      <![CDATA[org.openqa.selenium.NoSuchElementException: no such element: Unable to locate element: {"method":"xpath","selector":"//span[contains(text(),'Request IRP')]"}
  (Session info: chrome=83.0.4103.97)
For documentation on this error, please visit: http://seleniumhq.org/exceptions/no_such_element.html
Build info: version: '3.14.0', revision: 'aacccce0', time: '2018-08-02T20:19:58.91Z'
System info: host: 'DESKTOP-DED1LDD', ip: '192.168.43.31', os.name: 'Windows 10', os.arch: 'amd64', os.version: '10.0', java.version: '11.0.2'
Driver info: org.openqa.selenium.chrome.ChromeDriver
Capabilities {acceptInsecureCerts: false, browserName: chrome, browserVersion: 83.0.4103.97, chrome: {chromedriverVersion: 83.0.4103.39 (ccbf011cb2d2b..., userDataDir: C:\Users\thirthesh\AppData\...}, goog:chromeOptions: {debuggerAddress: localhost:57690}, javascriptEnabled: true, networkConnectionEnabled: false, pageLoadStrategy: none, platform: WINDOWS, platformName: WINDOWS, proxy: Proxy(), setWindowRect: true, strictFileInteractability: false, timeouts: {implicit: 0, pageLoad: 300000, script: 30000}, unhandledPromptBehavior: dismiss and notify, webauthn:virtualAuthenticators: true}
Session ID: 41d5182a0f407ae498c87976e06c26a2
*** Element info: {Using=xpath, value=//span[contains(text(),'Request IRP')]}
at org.openqa.selenium.remote.http.W3CHttpResponseCodec.createException(W3CHttpResponseCodec.java:187)
at org.openqa.selenium.remote.http.W3CHttpResponseCodec.decode(W3CHttpResponseCodec.java:122)
at org.openqa.selenium.remote.http.W3CHttpResponseCodec.decode(W3CHttpResponseCodec.java:49)
at org.openqa.selenium.remote.HttpCommandExecutor.execute(HttpCommandExecutor.java:158)
at org.openqa.selenium.remote.service.DriverCommandExecutor.execute(DriverCommandExecutor.java:83)
at org.openqa.selenium.remote.RemoteWebDriver.execute(RemoteWebDriver.java:548)
at org.openqa.selenium.remote.RemoteWebDriver.findElement(RemoteWebDriver.java:322)
at org.openqa.selenium.remote.RemoteWebDriver.findElementByXPath(RemoteWebDriver.java:424)
at org.openqa.selenium.By$ByXPath.findElement(By.java:353)
at org.openqa.selenium.remote.RemoteWebDriver.findElement(RemoteWebDriver.java:314)
at org.openqa.selenium.support.pagefactory.DefaultElementLocator.findElement(DefaultElementLocator.java:69)
at org.openqa.selenium.support.pagefactory.internal.LocatingElementHandler.invoke(LocatingElementHandler.java:38)
at com.sun.proxy.$Proxy15.click(Unknown Source)
at com.a2j.pages.RequestIrpPage.requestirpclick(RequestIrpPage.java:67)
at com.a2j.tests.RequestIrpTest.irp(RequestIrpTest.java:93)
at java.base/java.util.ArrayList.forEach(ArrayList.java:1540)
... Removed 30 stack frames]]>
    </failure>
  </testcase> <!-- irp -->
  <testcase classname="com.a2j.tests.RequestIrpTest" name="cin" time="0.0">
    <skipped/>
  </testcase> <!-- cin -->
  <testcase classname="com.a2j.tests.RequestIrpTest" name="corporatedebator" time="0.0">
    <skipped/>
  </testcase> <!-- corporatedebator -->
  <testcase classname="com.a2j.tests.RequestIrpTest" name="campnytoken" time="0.0">
    <skipped/>
  </testcase> <!-- campnytoken -->
  <testcase classname="com.a2j.tests.RequestIrpTest" name="state" time="0.0">
    <skipped/>
  </testcase> <!-- state -->
  <testcase classname="com.a2j.tests.RequestIrpTest" name="requestirp" time="0.0">
    <skipped/>
  </testcase> <!-- requestirp -->
  <testcase classname="com.a2j.tests.RequestIrpTest" name="namerp" time="0.0">
    <skipped/>
  </testcase> <!-- namerp -->
  <testcase classname="com.a2j.tests.RequestIrpTest" name="search" time="0.0">
    <skipped/>
  </testcase> <!-- search -->
  <testcase classname="com.a2j.tests.RequestIrpTest" name="reqbtn2" time="0.0">
    <skipped/>
  </testcase> <!-- reqbtn2 -->
  <testcase classname="com.a2j.tests.RequestIrpTest" name="teardown" time="0.0">
    <skipped/>
  </testcase> <!-- teardown -->
  <testcase classname="com.a2j.tests.RpTest" name="loginbutton" time="9.45"/>
  <testcase classname="com.a2j.tests.RpTest" name="verifyloginpasswordTextBox1" time="3.908"/>
  <testcase classname="com.a2j.tests.RpTest" name="verifyloginuserTextBox" time="5.038"/>
  <testcase classname="com.a2j.tests.RpTest" name="loginTest" time="0.481">
    <failure type="java.lang.NullPointerException">
      <![CDATA[java.lang.NullPointerException
at com.a2j.pages.LoginPage.login3(LoginPage.java:121)
at com.a2j.tests.RpTest.loginTest(RpTest.java:77)
at java.base/java.util.ArrayList.forEach(ArrayList.java:1540)
... Removed 27 stack frames]]>
    </failure>
  </testcase> <!-- loginTest -->
  <testcase classname="com.a2j.tests.RpTest" name="caserequests" time="0.0">
    <skipped/>
  </testcase> <!-- caserequests -->
  <testcase classname="com.a2j.tests.RpTest" name="caseid" time="0.0">
    <skipped/>
  </testcase> <!-- caseid -->
  <testcase classname="com.a2j.tests.RpTest" name="accept" time="0.0">
    <skipped/>
  </testcase> <!-- accept -->
  <testcase classname="com.a2j.tests.RpTest" name="downlaoadfrom2" time="0.0">
    <skipped/>
  </testcase> <!-- downlaoadfrom2 -->
  <testcase classname="com.a2j.tests.RpTest" name="teardown" time="0.0">
    <skipped/>
  </testcase> <!-- teardown -->
  <testcase classname="com.a2j.tests.CaseListTest" name="loginbutton" time="41.977"/>
  <testcase classname="com.a2j.tests.CaseListTest" name="verifyloginpasswordTextBox1" time="3.449"/>
  <testcase classname="com.a2j.tests.CaseListTest" name="verifyloginuserTextBox" time="5.032"/>
  <testcase classname="com.a2j.tests.CaseListTest" name="loginTest" time="63.806"/>
  <testcase classname="com.a2j.tests.CaseListTest" name="caselist" time="2.08">
    <failure type="org.openqa.selenium.NoSuchElementException" message="no such element: Unable to locate element: {&amp;quot;method&amp;quot;:&amp;quot;xpath&amp;quot;,&amp;quot;selector&amp;quot;:&amp;quot;//span[contains(text(),&amp;apos;Case List&amp;apos;)]&amp;quot;}
  (Session info: chrome=83.0.4103.97)
For documentation on this error, please visit: http://seleniumhq.org/exceptions/no_such_element.html
Build info: version: &amp;apos;3.14.0&amp;apos;, revision: &amp;apos;aacccce0&amp;apos;, time: &amp;apos;2018-08-02T20:19:58.91Z&amp;apos;
System info: host: &amp;apos;DESKTOP-DED1LDD&amp;apos;, ip: &amp;apos;192.168.43.31&amp;apos;, os.name: &amp;apos;Windows 10&amp;apos;, os.arch: &amp;apos;amd64&amp;apos;, os.version: &amp;apos;10.0&amp;apos;, java.version: &amp;apos;11.0.2&amp;apos;
Driver info: org.openqa.selenium.chrome.ChromeDriver
Capabilities {acceptInsecureCerts: false, browserName: chrome, browserVersion: 83.0.4103.97, chrome: {chromedriverVersion: 83.0.4103.39 (ccbf011cb2d2b..., userDataDir: C:\Users\thirthesh\AppData\...}, goog:chromeOptions: {debuggerAddress: localhost:57799}, javascriptEnabled: true, networkConnectionEnabled: false, pageLoadStrategy: none, platform: WINDOWS, platformName: WINDOWS, proxy: Proxy(), setWindowRect: true, strictFileInteractability: false, timeouts: {implicit: 0, pageLoad: 300000, script: 30000}, unhandledPromptBehavior: dismiss and notify, webauthn:virtualAuthenticators: true}
Session ID: 3ac1b7ae521c07b5fa5ee4068a4f9827
*** Element info: {Using=xpath, value=//span[contains(text(),&amp;apos;Case List&amp;apos;)]}">
      <![CDATA[org.openqa.selenium.NoSuchElementException: no such element: Unable to locate element: {"method":"xpath","selector":"//span[contains(text(),'Case List')]"}
  (Session info: chrome=83.0.4103.97)
For documentation on this error, please visit: http://seleniumhq.org/exceptions/no_such_element.html
Build info: version: '3.14.0', revision: 'aacccce0', time: '2018-08-02T20:19:58.91Z'
System info: host: 'DESKTOP-DED1LDD', ip: '192.168.43.31', os.name: 'Windows 10', os.arch: 'amd64', os.version: '10.0', java.version: '11.0.2'
Driver info: org.openqa.selenium.chrome.ChromeDriver
Capabilities {acceptInsecureCerts: false, browserName: chrome, browserVersion: 83.0.4103.97, chrome: {chromedriverVersion: 83.0.4103.39 (ccbf011cb2d2b..., userDataDir: C:\Users\thirthesh\AppData\...}, goog:chromeOptions: {debuggerAddress: localhost:57799}, javascriptEnabled: true, networkConnectionEnabled: false, pageLoadStrategy: none, platform: WINDOWS, platformName: WINDOWS, proxy: Proxy(), setWindowRect: true, strictFileInteractability: false, timeouts: {implicit: 0, pageLoad: 300000, script: 30000}, unhandledPromptBehavior: dismiss and notify, webauthn:virtualAuthenticators: true}
Session ID: 3ac1b7ae521c07b5fa5ee4068a4f9827
*** Element info: {Using=xpath, value=//span[contains(text(),'Case List')]}
at org.openqa.selenium.remote.http.W3CHttpResponseCodec.createException(W3CHttpResponseCodec.java:187)
at org.openqa.selenium.remote.http.W3CHttpResponseCodec.decode(W3CHttpResponseCodec.java:122)
at org.openqa.selenium.remote.http.W3CHttpResponseCodec.decode(W3CHttpResponseCodec.java:49)
at org.openqa.selenium.remote.HttpCommandExecutor.execute(HttpCommandExecutor.java:158)
at org.openqa.selenium.remote.service.DriverCommandExecutor.execute(DriverCommandExecutor.java:83)
at org.openqa.selenium.remote.RemoteWebDriver.execute(RemoteWebDriver.java:548)
at org.openqa.selenium.remote.RemoteWebDriver.findElement(RemoteWebDriver.java:322)
at org.openqa.selenium.remote.RemoteWebDriver.findElementByXPath(RemoteWebDriver.java:424)
at org.openqa.selenium.By$ByXPath.findElement(By.java:353)
at org.openqa.selenium.remote.RemoteWebDriver.findElement(RemoteWebDriver.java:314)
at org.openqa.selenium.support.pagefactory.DefaultElementLocator.findElement(DefaultElementLocator.java:69)
at org.openqa.selenium.support.pagefactory.internal.LocatingElementHandler.invoke(LocatingElementHandler.java:38)
at com.sun.proxy.$Proxy15.click(Unknown Source)
at com.a2j.pages.CaseListPage.caselistclick(CaseListPage.java:52)
at com.a2j.tests.CaseListTest.caselist(CaseListTest.java:97)
at java.base/java.util.ArrayList.forEach(ArrayList.java:1540)
... Removed 30 stack frames]]>
    </failure>
  </testcase> <!-- caselist -->
  <testcase classname="com.a2j.tests.CaseListTest" name="caseid" time="0.0">
    <skipped/>
  </testcase> <!-- caseid -->
  <testcase classname="com.a2j.tests.CaseListTest" name="testUpload" time="0.0">
    <skipped/>
  </testcase> <!-- testUpload -->
  <testcase classname="com.a2j.tests.CaseListTest" name="confirmrp" time="0.0">
    <skipped/>
  </testcase> <!-- confirmrp -->
  <testcase classname="com.a2j.tests.CaseListTest" name="uploadbtn" time="0.001">
    <skipped/>
  </testcase> <!-- uploadbtn -->
  <testcase classname="com.a2j.base.TestBase" name="@AfterTest endTest" time="0.0">
    <ignored/>
  </testcase> <!-- @AfterTest endTest -->
  <testcase classname="com.a2j.base.TestBase" name="@AfterTest endTest" time="0.0">
    <ignored/>
  </testcase> <!-- @AfterTest endTest -->
  <testcase classname="com.a2j.base.TestBase" name="@BeforeTest Reportsetup" time="0.0">
    <ignored/>
  </testcase> <!-- @BeforeTest Reportsetup -->
  <testcase classname="com.a2j.base.TestBase" name="@BeforeTest Reportsetup" time="0.0">
    <ignored/>
  </testcase> <!-- @BeforeTest Reportsetup -->
</testsuite> <!-- Test -->
