<?xml version="1.0" encoding="UTF-8"?>
<!-- Generated by org.testng.reporters.JUnitReportReporter -->
<testsuite hostname="DESKTOP-DED1LDD" failures="0" tests="44" name="com.a2j.tests.RpMyCasesTest" time="37.387" errors="1" timestamp="2020-06-10T18:56:57 IST" skipped="37">
  <testcase classname="com.a2j.tests.RpMyCasesTest" name="irpcorraddress" time="0.000">
    <skipped/>
  </testcase> <!-- irpcorraddress -->
  <system-out/>
  <testcase classname="com.a2j.tests.RpMyCasesTest" name="caseprofile" time="0.033">
    <error message="no such element: Unable to locate element: {&quot;method&quot;:&quot;xpath&quot;,&quot;selector&quot;:&quot;//input[@id=&#039;NormalMode&#039;]&quot;}
  (Session info: chrome=83.0.4103.97)
For documentation on this error, please visit: http://seleniumhq.org/exceptions/no_such_element.html
Build info: version: &#039;3.14.0&#039;, revision: &#039;aacccce0&#039;, time: &#039;2018-08-02T20:19:58.91Z&#039;
System info: host: &#039;DESKTOP-DED1LDD&#039;, ip: &#039;192.168.43.31&#039;, os.name: &#039;Windows 10&#039;, os.arch: &#039;amd64&#039;, os.version: &#039;10.0&#039;, java.version: &#039;11.0.2&#039;
Driver info: org.openqa.selenium.chrome.ChromeDriver
Capabilities {acceptInsecureCerts: false, browserName: chrome, browserVersion: 83.0.4103.97, chrome: {chromedriverVersion: 83.0.4103.39 (ccbf011cb2d2b..., userDataDir: C:\Users\thirthesh\AppData\...}, goog:chromeOptions: {debuggerAddress: localhost:52295}, javascriptEnabled: true, networkConnectionEnabled: false, pageLoadStrategy: none, platform: WINDOWS, platformName: WINDOWS, proxy: Proxy(), setWindowRect: true, strictFileInteractability: false, timeouts: {implicit: 0, pageLoad: 300000, script: 30000}, unhandledPromptBehavior: dismiss and notify, webauthn:virtualAuthenticators: true}
Session ID: 5025d791ac7de80dabd63ae1f9c66cd0
*** Element info: {Using=xpath, value=//input[@id=&#039;NormalMode&#039;]}" type="org.openqa.selenium.NoSuchElementException">
      <![CDATA[org.openqa.selenium.NoSuchElementException: no such element: Unable to locate element: {"method":"xpath","selector":"//input[@id='NormalMode']"}
  (Session info: chrome=83.0.4103.97)
For documentation on this error, please visit: http://seleniumhq.org/exceptions/no_such_element.html
Build info: version: '3.14.0', revision: 'aacccce0', time: '2018-08-02T20:19:58.91Z'
System info: host: 'DESKTOP-DED1LDD', ip: '192.168.43.31', os.name: 'Windows 10', os.arch: 'amd64', os.version: '10.0', java.version: '11.0.2'
Driver info: org.openqa.selenium.chrome.ChromeDriver
Capabilities {acceptInsecureCerts: false, browserName: chrome, browserVersion: 83.0.4103.97, chrome: {chromedriverVersion: 83.0.4103.39 (ccbf011cb2d2b..., userDataDir: C:\Users\thirthesh\AppData\...}, goog:chromeOptions: {debuggerAddress: localhost:52295}, javascriptEnabled: true, networkConnectionEnabled: false, pageLoadStrategy: none, platform: WINDOWS, platformName: WINDOWS, proxy: Proxy(), setWindowRect: true, strictFileInteractability: false, timeouts: {implicit: 0, pageLoad: 300000, script: 30000}, unhandledPromptBehavior: dismiss and notify, webauthn:virtualAuthenticators: true}
Session ID: 5025d791ac7de80dabd63ae1f9c66cd0
*** Element info: {Using=xpath, value=//input[@id='NormalMode']}
at jdk.internal.reflect.GeneratedConstructorAccessor12.newInstance(Unknown Source)
at java.base/jdk.internal.reflect.DelegatingConstructorAccessorImpl.newInstance(DelegatingConstructorAccessorImpl.java:45)
at java.base/java.lang.reflect.Constructor.newInstance(Constructor.java:490)
at org.openqa.selenium.remote.http.W3CHttpResponseCodec.createException(W3CHttpResponseCodec.java:187)
at org.openqa.selenium.remote.http.W3CHttpResponseCodec.decode(W3CHttpResponseCodec.java:122)
at org.openqa.selenium.remote.http.W3CHttpResponseCodec.decode(W3CHttpResponseCodec.java:49)
at org.openqa.selenium.remote.HttpCommandExecutor.execute(HttpCommandExecutor.java:158)
at org.openqa.selenium.remote.service.DriverCommandExecutor.execute(DriverCommandExecutor.java:83)
at org.openqa.selenium.remote.RemoteWebDriver.execute(RemoteWebDriver.java:548)
at org.openqa.selenium.remote.RemoteWebDriver.findElement(RemoteWebDriver.java:322)
at org.openqa.selenium.remote.RemoteWebDriver.findElementByXPath(RemoteWebDriver.java:424)
at org.openqa.selenium.By$ByXPath.findElement(By.java:353)
at org.openqa.selenium.remote.RemoteWebDriver.findElement(RemoteWebDriver.java:314)
at org.openqa.selenium.support.pagefactory.DefaultElementLocator.findElement(DefaultElementLocator.java:69)
at org.openqa.selenium.support.pagefactory.internal.LocatingElementHandler.invoke(LocatingElementHandler.java:38)
at com.sun.proxy.$Proxy12.click(Unknown Source)
at com.a2j.pages.RpMyCasesPage.casemode(RpMyCasesPage.java:206)
at com.a2j.tests.RpMyCasesTest.caseprofile(RpMyCasesTest.java:142)
at java.base/jdk.internal.reflect.NativeMethodAccessorImpl.invoke0(Native Method)
at java.base/jdk.internal.reflect.NativeMethodAccessorImpl.invoke(NativeMethodAccessorImpl.java:62)
at java.base/jdk.internal.reflect.DelegatingMethodAccessorImpl.invoke(DelegatingMethodAccessorImpl.java:43)
at java.base/java.lang.reflect.Method.invoke(Method.java:566)
at org.testng.internal.MethodInvocationHelper.invokeMethod(MethodInvocationHelper.java:134)
at org.testng.internal.TestInvoker.invokeMethod(TestInvoker.java:597)
at org.testng.internal.TestInvoker.invokeTestMethod(TestInvoker.java:173)
at org.testng.internal.MethodRunner.runInSequence(MethodRunner.java:46)
at org.testng.internal.TestInvoker$MethodInvocationAgent.invoke(TestInvoker.java:816)
at org.testng.internal.TestInvoker.invokeTestMethods(TestInvoker.java:146)
at org.testng.internal.TestMethodWorker.invokeTestMethods(TestMethodWorker.java:146)
at org.testng.internal.TestMethodWorker.run(TestMethodWorker.java:128)
at java.base/java.util.ArrayList.forEach(ArrayList.java:1540)
at org.testng.TestRunner.privateRun(TestRunner.java:766)
at org.testng.TestRunner.run(TestRunner.java:587)
at org.testng.SuiteRunner.runTest(SuiteRunner.java:384)
at org.testng.SuiteRunner.runSequentially(SuiteRunner.java:378)
at org.testng.SuiteRunner.privateRun(SuiteRunner.java:337)
at org.testng.SuiteRunner.run(SuiteRunner.java:286)
at org.testng.SuiteRunnerWorker.runSuite(SuiteRunnerWorker.java:53)
at org.testng.SuiteRunnerWorker.run(SuiteRunnerWorker.java:96)
at org.testng.TestNG.runSuitesSequentially(TestNG.java:1187)
at org.testng.TestNG.runSuitesLocally(TestNG.java:1109)
at org.testng.TestNG.runSuites(TestNG.java:1039)
at org.testng.TestNG.run(TestNG.java:1007)
at org.testng.remote.AbstractRemoteTestNG.run(AbstractRemoteTestNG.java:115)
at org.testng.remote.RemoteTestNG.initAndRun(RemoteTestNG.java:251)
at org.testng.remote.RemoteTestNG.main(RemoteTestNG.java:77)
]]>
    </error>
  </testcase> <!-- caseprofile -->
  <system-out/>
  <testcase classname="com.a2j.tests.RpMyCasesTest" name="registeraddress" time="0.000">
    <skipped/>
  </testcase> <!-- registeraddress -->
  <system-out/>
  <testcase classname="com.a2j.tests.RpMyCasesTest" name="pubcdsite" time="0.000">
    <skipped/>
  </testcase> <!-- pubcdsite -->
  <system-out/>
  <testcase classname="com.a2j.tests.RpMyCasesTest" name="publish" time="0.001">
    <skipped/>
  </testcase> <!-- publish -->
  <system-out/>
  <testcase classname="com.a2j.tests.RpMyCasesTest" name="loginbutton" time="23.334"/>
  <system-out/>
  <testcase classname="com.a2j.tests.RpMyCasesTest" name="cdsupportsite" time="0.000">
    <skipped/>
  </testcase> <!-- cdsupportsite -->
  <system-out/>
  <testcase classname="com.a2j.tests.RpMyCasesTest" name="emailbody" time="0.000">
    <skipped/>
  </testcase> <!-- emailbody -->
  <system-out/>
  <testcase classname="com.a2j.tests.RpMyCasesTest" name="formA" time="0.000">
    <skipped/>
  </testcase> <!-- formA -->
  <system-out/>
  <testcase classname="com.a2j.tests.RpMyCasesTest" name="saveprofile" time="0.000">
    <skipped/>
  </testcase> <!-- saveprofile -->
  <system-out/>
  <testcase classname="com.a2j.tests.RpMyCasesTest" name="formAedit" time="0.000">
    <skipped/>
  </testcase> <!-- formAedit -->
  <system-out/>
  <testcase classname="com.a2j.tests.RpMyCasesTest" name="webaddress" time="0.000">
    <skipped/>
  </testcase> <!-- webaddress -->
  <system-out/>
  <testcase classname="com.a2j.tests.RpMyCasesTest" name="irpcorremail" time="0.000">
    <skipped/>
  </testcase> <!-- irpcorremail -->
  <system-out/>
  <testcase classname="com.a2j.tests.RpMyCasesTest" name="nextbtn" time="0.000">
    <skipped/>
  </testcase> <!-- nextbtn -->
  <system-out/>
  <testcase classname="com.a2j.tests.RpMyCasesTest" name="insolvencydate" time="0.000">
    <skipped/>
  </testcase> <!-- insolvencydate -->
  <system-out/>
  <testcase classname="com.a2j.tests.RpMyCasesTest" name="namelass" time="0.000">
    <skipped/>
  </testcase> <!-- namelass -->
  <system-out/>
  <testcase classname="com.a2j.tests.RpMyCasesTest" name="save" time="0.000">
    <skipped/>
  </testcase> <!-- save -->
  <system-out/>
  <testcase classname="com.a2j.tests.RpMyCasesTest" name="namaeofrp" time="0.000">
    <skipped/>
  </testcase> <!-- namaeofrp -->
  <system-out/>
  <testcase classname="com.a2j.tests.RpMyCasesTest" name="regnorp" time="0.000">
    <skipped/>
  </testcase> <!-- regnorp -->
  <system-out/>
  <testcase classname="com.a2j.tests.RpMyCasesTest" name="cdsupportemail" time="0.000">
    <skipped/>
  </testcase> <!-- cdsupportemail -->
  <system-out/>
  <testcase classname="com.a2j.tests.RpMyCasesTest" name="sendemail" time="0.000">
    <skipped/>
  </testcase> <!-- sendemail -->
  <system-out/>
  <testcase classname="com.a2j.tests.RpMyCasesTest" name="verifyloginpasswordTextBox1" time="3.029"/>
  <system-out/>
  <testcase classname="com.a2j.tests.RpMyCasesTest" name="irpaddress" time="0.001">
    <skipped/>
  </testcase> <!-- irpaddress -->
  <system-out/>
  <testcase classname="com.a2j.tests.RpMyCasesTest" name="checkbox" time="0.000">
    <skipped/>
  </testcase> <!-- checkbox -->
  <system-out/>
  <testcase classname="com.a2j.tests.RpMyCasesTest" name="downloadformA" time="0.000">
    <skipped/>
  </testcase> <!-- downloadformA -->
  <system-out/>
  <testcase classname="com.a2j.tests.RpMyCasesTest" name="froms" time="0.000">
    <skipped/>
  </testcase> <!-- froms -->
  <system-out/>
  <testcase classname="com.a2j.tests.RpMyCasesTest" name="weblink" time="0.000">
    <skipped/>
  </testcase> <!-- weblink -->
  <system-out/>
  <testcase classname="com.a2j.tests.RpMyCasesTest" name="loginTest" time="0.820"/>
  <system-out/>
  <testcase classname="com.a2j.tests.RpMyCasesTest" name="vdrnextbtn" time="0.000">
    <skipped/>
  </testcase> <!-- vdrnextbtn -->
  <system-out/>
  <testcase classname="com.a2j.tests.RpMyCasesTest" name="mycases" time="2.111"/>
  <system-out/>
  <testcase classname="com.a2j.tests.RpMyCasesTest" name="test" time="0.000">
    <skipped/>
  </testcase> <!-- test -->
  <system-out/>
  <testcase classname="com.a2j.tests.RpMyCasesTest" name="emailsubject" time="0.000">
    <skipped/>
  </testcase> <!-- emailsubject -->
  <system-out/>
  <testcase classname="com.a2j.tests.RpMyCasesTest" name="caseid" time="3.020"/>
  <system-out/>
  <testcase classname="com.a2j.tests.RpMyCasesTest" name="signature" time="0.000">
    <skipped/>
  </testcase> <!-- signature -->
  <system-out/>
  <testcase classname="com.a2j.tests.RpMyCasesTest" name="verifyloginuserTextBox" time="5.038"/>
  <system-out/>
  <testcase classname="com.a2j.tests.RpMyCasesTest" name="irpremail" time="0.000">
    <skipped/>
  </testcase> <!-- irpremail -->
  <system-out/>
  <testcase classname="com.a2j.tests.RpMyCasesTest" name="namesclass1" time="0.000">
    <skipped/>
  </testcase> <!-- namesclass1 -->
  <system-out/>
  <testcase classname="com.a2j.tests.RpMyCasesTest" name="publishdate" time="0.000">
    <skipped/>
  </testcase> <!-- publishdate -->
  <system-out/>
  <testcase classname="com.a2j.tests.RpMyCasesTest" name="saveformA" time="0.000">
    <skipped/>
  </testcase> <!-- saveformA -->
  <system-out/>
  <testcase classname="com.a2j.tests.RpMyCasesTest" name="Insolenddate" time="0.000">
    <skipped/>
  </testcase> <!-- Insolenddate -->
  <system-out/>
  <testcase classname="com.a2j.tests.RpMyCasesTest" name="pysicaladdress" time="0.000">
    <skipped/>
  </testcase> <!-- pysicaladdress -->
  <system-out/>
  <testcase classname="com.a2j.tests.RpMyCasesTest" name="launchvdr" time="0.000">
    <skipped/>
  </testcase> <!-- launchvdr -->
  <system-out/>
  <testcase classname="com.a2j.tests.RpMyCasesTest" name="lasdatesub" time="0.000">
    <skipped/>
  </testcase> <!-- lasdatesub -->
  <system-out/>
  <testcase classname="com.a2j.tests.RpMyCasesTest" name="setup">
    <skipped/>
  </testcase> <!-- setup -->
  <system-out/>
</testsuite> <!-- com.a2j.tests.RpMyCasesTest -->
