<?xml version="1.0" encoding="UTF-8"?>
<!-- Generated by org.testng.reporters.JUnitReportReporter -->
<testsuite hostname="DESKTOP-DED1LDD" failures="1" tests="15" name="com.a2j.tests.OTFileClaimTest" time="39.414" errors="0" timestamp="2020-06-25T00:40:39 IST" skipped="0">
  <testcase classname="com.a2j.tests.OTFileClaimTest" name="procedbtn" time="0.933"/>
  <system-out/>
  <testcase classname="com.a2j.tests.OTFileClaimTest" name="readcliam" time="2.347"/>
  <system-out/>
  <testcase classname="com.a2j.tests.OTFileClaimTest" name="savedetailsbtn" time="0.169"/>
  <system-out/>
  <testcase classname="com.a2j.tests.OTFileClaimTest" name="confirmsubmitsbtn" time="1.131">
    <failure message="expected [http://stg-solvendo.s3-website.ap-south-1.amazonaws.com/profile/creditor/allClaims] but found [http://stg-solvendo.s3-website.ap-south-1.amazonaws.com/claim/upload-files]" type="java.lang.AssertionError">
      <![CDATA[java.lang.AssertionError: expected [http://stg-solvendo.s3-website.ap-south-1.amazonaws.com/profile/creditor/allClaims] but found [http://stg-solvendo.s3-website.ap-south-1.amazonaws.com/claim/upload-files]
at org.testng.Assert.fail(Assert.java:97)
at org.testng.Assert.assertEqualsImpl(Assert.java:136)
at org.testng.Assert.assertEquals(Assert.java:118)
at org.testng.Assert.assertEquals(Assert.java:575)
at org.testng.Assert.assertEquals(Assert.java:585)
at com.a2j.tests.OTFileClaimTest.confirmsubmitsbtn(OTFileClaimTest.java:204)
at java.base/jdk.internal.reflect.NativeMethodAccessorImpl.invoke0(Native Method)
at java.base/jdk.internal.reflect.NativeMethodAccessorImpl.invoke(NativeMethodAccessorImpl.java:62)
at java.base/jdk.internal.reflect.DelegatingMethodAccessorImpl.invoke(DelegatingMethodAccessorImpl.java:43)
at java.base/java.lang.reflect.Method.invoke(Method.java:566)
at org.testng.internal.MethodInvocationHelper.invokeMethod(MethodInvocationHelper.java:134)
at org.testng.internal.TestInvoker.invokeMethod(TestInvoker.java:597)
at org.testng.internal.TestInvoker.invokeTestMethod(TestInvoker.java:173)
at org.testng.internal.MethodRunner.runInSequence(MethodRunner.java:46)
at org.testng.internal.TestInvoker$MethodInvocationAgent.invoke(TestInvoker.java:816)
at org.testng.internal.TestInvoker.invokeTestMethods(TestInvoker.java:146)
at org.testng.internal.TestMethodWorker.invokeTestMethods(TestMethodWorker.java:146)
at org.testng.internal.TestMethodWorker.run(TestMethodWorker.java:128)
at java.base/java.util.ArrayList.forEach(ArrayList.java:1540)
at org.testng.TestRunner.privateRun(TestRunner.java:766)
at org.testng.TestRunner.run(TestRunner.java:587)
at org.testng.SuiteRunner.runTest(SuiteRunner.java:384)
at org.testng.SuiteRunner.runSequentially(SuiteRunner.java:378)
at org.testng.SuiteRunner.privateRun(SuiteRunner.java:337)
at org.testng.SuiteRunner.run(SuiteRunner.java:286)
at org.testng.SuiteRunnerWorker.runSuite(SuiteRunnerWorker.java:53)
at org.testng.SuiteRunnerWorker.run(SuiteRunnerWorker.java:96)
at org.testng.TestNG.runSuitesSequentially(TestNG.java:1187)
at org.testng.TestNG.runSuitesLocally(TestNG.java:1109)
at org.testng.TestNG.runSuites(TestNG.java:1039)
at org.testng.TestNG.run(TestNG.java:1007)
at org.testng.remote.AbstractRemoteTestNG.run(AbstractRemoteTestNG.java:115)
at org.testng.remote.RemoteTestNG.initAndRun(RemoteTestNG.java:251)
at org.testng.remote.RemoteTestNG.main(RemoteTestNG.java:77)
]]>
    </failure>
  </testcase> <!-- confirmsubmitsbtn -->
  <system-out/>
  <testcase classname="com.a2j.tests.OTFileClaimTest" name="submitclaimdatabtn" time="0.170"/>
  <system-out/>
  <testcase classname="com.a2j.tests.OTFileClaimTest" name="filecliam" time="2.220"/>
  <system-out/>
  <testcase classname="com.a2j.tests.OTFileClaimTest" name="loginTest" time="0.684"/>
  <system-out/>
  <testcase classname="com.a2j.tests.OTFileClaimTest" name="submitbtn" time="0.271"/>
  <system-out/>
  <testcase classname="com.a2j.tests.OTFileClaimTest" name="loginbutton" time="5.011"/>
  <system-out/>
  <testcase classname="com.a2j.tests.OTFileClaimTest" name="verifyloginpasswordTextBox1" time="4.717"/>
  <system-out/>
  <testcase classname="com.a2j.tests.OTFileClaimTest" name="otclaimdata" time="4.444"/>
  <system-out/>
  <testcase classname="com.a2j.tests.OTFileClaimTest" name="verifyloginuserTextBox" time="5.105"/>
  <system-out/>
  <testcase classname="com.a2j.tests.OTFileClaimTest" name="formF" time="9.066"/>
  <system-out/>
  <testcase classname="com.a2j.tests.OTFileClaimTest" name="cin" time="0.578"/>
  <system-out/>
  <testcase classname="com.a2j.tests.OTFileClaimTest" name="claimbtn" time="2.568"/>
  <system-out/>
</testsuite> <!-- com.a2j.tests.OTFileClaimTest -->
