<?xml version="1.0" encoding="UTF-8"?>
<!-- Generated by org.testng.reporters.JUnitReportReporter -->
<testsuite hostname="DESKTOP-DED1LDD" failures="0" tests="10" name="com.a2j.tests.CurrencyConversionTest" time="45.624" errors="1" timestamp="2020-07-01T11:44:47 IST" skipped="4">
  <testcase classname="com.a2j.tests.CurrencyConversionTest" name="loginTest" time="1.085"/>
  <system-out/>
  <testcase classname="com.a2j.tests.CurrencyConversionTest" name="currencytest" time="0.001">
    <skipped/>
  </testcase> <!-- currencytest -->
  <system-out/>
  <testcase classname="com.a2j.tests.CurrencyConversionTest" name="verifyloginpasswordTextBox1" time="3.745"/>
  <system-out/>
  <testcase classname="com.a2j.tests.CurrencyConversionTest" name="loginbutton" time="13.384"/>
  <system-out/>
  <testcase classname="com.a2j.tests.CurrencyConversionTest" name="claimbtn" time="0.000">
    <skipped/>
  </testcase> <!-- claimbtn -->
  <system-out/>
  <testcase classname="com.a2j.tests.CurrencyConversionTest" name="cin" time="0.000">
    <skipped/>
  </testcase> <!-- cin -->
  <system-out/>
  <testcase classname="com.a2j.tests.CurrencyConversionTest" name="verifyloginuserTextBox" time="5.073"/>
  <system-out/>
  <testcase classname="com.a2j.tests.CurrencyConversionTest" name="readcliam" time="20.047">
    <error message="no such element: Unable to locate element: {&quot;method&quot;:&quot;css selector&quot;,&quot;selector&quot;:&quot;#root &gt; div &gt; div &gt; div &gt; div.dashboard-main.dashboard-haslayout &gt; div &gt; div &gt; div.row.mt-3.mb-5 &gt; div:nth-child(1) &gt; a &gt; div &gt; span:nth-child(2)&quot;}
  (Session info: chrome=83.0.4103.116)
For documentation on this error, please visit: http://seleniumhq.org/exceptions/no_such_element.html
Build info: version: &#039;3.14.0&#039;, revision: &#039;aacccce0&#039;, time: &#039;2018-08-02T20:19:58.91Z&#039;
System info: host: &#039;DESKTOP-DED1LDD&#039;, ip: &#039;192.168.43.31&#039;, os.name: &#039;Windows 10&#039;, os.arch: &#039;amd64&#039;, os.version: &#039;10.0&#039;, java.version: &#039;11.0.2&#039;
Driver info: org.openqa.selenium.chrome.ChromeDriver
Capabilities {acceptInsecureCerts: false, browserName: chrome, browserVersion: 83.0.4103.116, chrome: {chromedriverVersion: 83.0.4103.39 (ccbf011cb2d2b..., userDataDir: C:\Users\thirthesh\AppData\...}, goog:chromeOptions: {debuggerAddress: localhost:64460}, javascriptEnabled: true, networkConnectionEnabled: false, pageLoadStrategy: none, platform: WINDOWS, platformName: WINDOWS, proxy: Proxy(), setWindowRect: true, strictFileInteractability: false, timeouts: {implicit: 0, pageLoad: 300000, script: 30000}, unhandledPromptBehavior: dismiss and notify, webauthn:virtualAuthenticators: true}
Session ID: 2a905ba59e7047115325e216a6bfe8d6
*** Element info: {Using=css selector, value=#root &gt; div &gt; div &gt; div &gt; div.dashboard-main.dashboard-haslayout &gt; div &gt; div &gt; div.row.mt-3.mb-5 &gt; div:nth-child(1) &gt; a &gt; div &gt; span:nth-child(2)}" type="org.openqa.selenium.NoSuchElementException">
      <![CDATA[org.openqa.selenium.NoSuchElementException: no such element: Unable to locate element: {"method":"css selector","selector":"#root > div > div > div > div.dashboard-main.dashboard-haslayout > div > div > div.row.mt-3.mb-5 > div:nth-child(1) > a > div > span:nth-child(2)"}
  (Session info: chrome=83.0.4103.116)
For documentation on this error, please visit: http://seleniumhq.org/exceptions/no_such_element.html
Build info: version: '3.14.0', revision: 'aacccce0', time: '2018-08-02T20:19:58.91Z'
System info: host: 'DESKTOP-DED1LDD', ip: '192.168.43.31', os.name: 'Windows 10', os.arch: 'amd64', os.version: '10.0', java.version: '11.0.2'
Driver info: org.openqa.selenium.chrome.ChromeDriver
Capabilities {acceptInsecureCerts: false, browserName: chrome, browserVersion: 83.0.4103.116, chrome: {chromedriverVersion: 83.0.4103.39 (ccbf011cb2d2b..., userDataDir: C:\Users\thirthesh\AppData\...}, goog:chromeOptions: {debuggerAddress: localhost:64460}, javascriptEnabled: true, networkConnectionEnabled: false, pageLoadStrategy: none, platform: WINDOWS, platformName: WINDOWS, proxy: Proxy(), setWindowRect: true, strictFileInteractability: false, timeouts: {implicit: 0, pageLoad: 300000, script: 30000}, unhandledPromptBehavior: dismiss and notify, webauthn:virtualAuthenticators: true}
Session ID: 2a905ba59e7047115325e216a6bfe8d6
*** Element info: {Using=css selector, value=#root > div > div > div > div.dashboard-main.dashboard-haslayout > div > div > div.row.mt-3.mb-5 > div:nth-child(1) > a > div > span:nth-child(2)}
at jdk.internal.reflect.GeneratedConstructorAccessor12.newInstance(Unknown Source)
at java.base/jdk.internal.reflect.DelegatingConstructorAccessorImpl.newInstance(DelegatingConstructorAccessorImpl.java:45)
at java.base/java.lang.reflect.Constructor.newInstance(Constructor.java:490)
at org.openqa.selenium.remote.http.W3CHttpResponseCodec.createException(W3CHttpResponseCodec.java:187)
at org.openqa.selenium.remote.http.W3CHttpResponseCodec.decode(W3CHttpResponseCodec.java:122)
at org.openqa.selenium.remote.http.W3CHttpResponseCodec.decode(W3CHttpResponseCodec.java:49)
at org.openqa.selenium.remote.HttpCommandExecutor.execute(HttpCommandExecutor.java:158)
at org.openqa.selenium.remote.service.DriverCommandExecutor.execute(DriverCommandExecutor.java:83)
at org.openqa.selenium.remote.RemoteWebDriver.execute(RemoteWebDriver.java:548)
at org.openqa.selenium.remote.RemoteWebDriver.findElement(RemoteWebDriver.java:322)
at org.openqa.selenium.remote.RemoteWebDriver.findElementByCssSelector(RemoteWebDriver.java:416)
at org.openqa.selenium.By$ByCssSelector.findElement(By.java:431)
at org.openqa.selenium.remote.RemoteWebDriver.findElement(RemoteWebDriver.java:314)
at org.openqa.selenium.support.pagefactory.DefaultElementLocator.findElement(DefaultElementLocator.java:69)
at org.openqa.selenium.support.pagefactory.internal.LocatingElementHandler.invoke(LocatingElementHandler.java:38)
at com.sun.proxy.$Proxy11.click(Unknown Source)
at com.a2j.pages.CurrencyConversionPage.readclaim(CurrencyConversionPage.java:78)
at com.a2j.tests.CurrencyConversionTest.readcliam(CurrencyConversionTest.java:95)
at java.base/jdk.internal.reflect.NativeMethodAccessorImpl.invoke0(Native Method)
at java.base/jdk.internal.reflect.NativeMethodAccessorImpl.invoke(NativeMethodAccessorImpl.java:62)
at java.base/jdk.internal.reflect.DelegatingMethodAccessorImpl.invoke(DelegatingMethodAccessorImpl.java:43)
at java.base/java.lang.reflect.Method.invoke(Method.java:566)
at org.testng.internal.MethodInvocationHelper.invokeMethod(MethodInvocationHelper.java:134)
at org.testng.internal.TestInvoker.invokeMethod(TestInvoker.java:597)
at org.testng.internal.TestInvoker.invokeTestMethod(TestInvoker.java:173)
at org.testng.internal.MethodRunner.runInSequence(MethodRunner.java:46)
at org.testng.internal.TestInvoker$MethodInvocationAgent.invoke(TestInvoker.java:816)
at org.testng.internal.TestInvoker.invokeTestMethods(TestInvoker.java:146)
at org.testng.internal.TestMethodWorker.invokeTestMethods(TestMethodWorker.java:146)
at org.testng.internal.TestMethodWorker.run(TestMethodWorker.java:128)
at java.base/java.util.ArrayList.forEach(ArrayList.java:1540)
at org.testng.TestRunner.privateRun(TestRunner.java:766)
at org.testng.TestRunner.run(TestRunner.java:587)
at org.testng.SuiteRunner.runTest(SuiteRunner.java:384)
at org.testng.SuiteRunner.runSequentially(SuiteRunner.java:378)
at org.testng.SuiteRunner.privateRun(SuiteRunner.java:337)
at org.testng.SuiteRunner.run(SuiteRunner.java:286)
at org.testng.SuiteRunnerWorker.runSuite(SuiteRunnerWorker.java:53)
at org.testng.SuiteRunnerWorker.run(SuiteRunnerWorker.java:96)
at org.testng.TestNG.runSuitesSequentially(TestNG.java:1187)
at org.testng.TestNG.runSuitesLocally(TestNG.java:1109)
at org.testng.TestNG.runSuites(TestNG.java:1039)
at org.testng.TestNG.run(TestNG.java:1007)
at org.testng.remote.AbstractRemoteTestNG.run(AbstractRemoteTestNG.java:115)
at org.testng.remote.RemoteTestNG.initAndRun(RemoteTestNG.java:251)
at org.testng.remote.RemoteTestNG.main(RemoteTestNG.java:77)
]]>
    </error>
  </testcase> <!-- readcliam -->
  <system-out/>
  <testcase classname="com.a2j.tests.CurrencyConversionTest" name="procedbtn" time="0.000">
    <skipped/>
  </testcase> <!-- procedbtn -->
  <system-out/>
  <testcase classname="com.a2j.tests.CurrencyConversionTest" name="filecliam" time="2.289"/>
  <system-out/>
</testsuite> <!-- com.a2j.tests.CurrencyConversionTest -->
